2015-05-21 20:22:30 Notice: Notice (8): Undefined variable: hedge in [C:\wamp\www\backtothefutures.com\public_html\src\Model\Entity\HedgePosition.php, line 49]
Trace:
Cake\Error\BaseErrorHandler::handleError() - CORE\src\Error\BaseErrorHandler.php, line 138
App\Model\Entity\HedgePosition::update() - APP/Model\Entity\HedgePosition.php, line 49
App\Shell\HedgesShell::main() - APP/Shell\HedgesShell.php, line 25
Cake\Console\Shell::runCommand() - CORE\src\Console\Shell.php, line 391
Cake\Console\ShellDispatcher::_dispatch() - CORE\src\Console\ShellDispatcher.php, line 204
Cake\Console\ShellDispatcher::dispatch() - CORE\src\Console\ShellDispatcher.php, line 175
Cake\Console\ShellDispatcher::run() - CORE\src\Console\ShellDispatcher.php, line 126
[main] - ROOT\bin\cake.php, line 33



2015-05-21 20:22:30 Notice: Notice (8): Trying to get property of non-object in [C:\wamp\www\backtothefutures.com\public_html\src\Model\Entity\HedgePosition.php, line 49]
Trace:
Cake\Error\BaseErrorHandler::handleError() - CORE\src\Error\BaseErrorHandler.php, line 138
App\Model\Entity\HedgePosition::update() - APP/Model\Entity\HedgePosition.php, line 49
App\Shell\HedgesShell::main() - APP/Shell\HedgesShell.php, line 25
Cake\Console\Shell::runCommand() - CORE\src\Console\Shell.php, line 391
Cake\Console\ShellDispatcher::_dispatch() - CORE\src\Console\ShellDispatcher.php, line 204
Cake\Console\ShellDispatcher::dispatch() - CORE\src\Console\ShellDispatcher.php, line 175
Cake\Console\ShellDispatcher::run() - CORE\src\Console\ShellDispatcher.php, line 126
[main] - ROOT\bin\cake.php, line 33



2015-05-21 20:22:30 Notice: Notice (8): Undefined variable: hedge in [C:\wamp\www\backtothefutures.com\public_html\src\Model\Entity\HedgePosition.php, line 49]
Trace:
Cake\Error\BaseErrorHandler::handleError() - CORE\src\Error\BaseErrorHandler.php, line 138
App\Model\Entity\HedgePosition::update() - APP/Model\Entity\HedgePosition.php, line 49
App\Shell\HedgesShell::main() - APP/Shell\HedgesShell.php, line 25
Cake\Console\Shell::runCommand() - CORE\src\Console\Shell.php, line 391
Cake\Console\ShellDispatcher::_dispatch() - CORE\src\Console\ShellDispatcher.php, line 204
Cake\Console\ShellDispatcher::dispatch() - CORE\src\Console\ShellDispatcher.php, line 175
Cake\Console\ShellDispatcher::run() - CORE\src\Console\ShellDispatcher.php, line 126
[main] - ROOT\bin\cake.php, line 33



2015-05-21 20:22:30 Notice: Notice (8): Trying to get property of non-object in [C:\wamp\www\backtothefutures.com\public_html\src\Model\Entity\HedgePosition.php, line 49]
Trace:
Cake\Error\BaseErrorHandler::handleError() - CORE\src\Error\BaseErrorHandler.php, line 138
App\Model\Entity\HedgePosition::update() - APP/Model\Entity\HedgePosition.php, line 49
App\Shell\HedgesShell::main() - APP/Shell\HedgesShell.php, line 25
Cake\Console\Shell::runCommand() - CORE\src\Console\Shell.php, line 391
Cake\Console\ShellDispatcher::_dispatch() - CORE\src\Console\ShellDispatcher.php, line 204
Cake\Console\ShellDispatcher::dispatch() - CORE\src\Console\ShellDispatcher.php, line 175
Cake\Console\ShellDispatcher::run() - CORE\src\Console\ShellDispatcher.php, line 126
[main] - ROOT\bin\cake.php, line 33



2015-05-21 20:25:59 Notice: Notice (8): Trying to get property of non-object in [C:\wamp\www\backtothefutures.com\public_html\src\Model\Entity\HedgePosition.php, line 54]
Trace:
Cake\Error\BaseErrorHandler::handleError() - CORE\src\Error\BaseErrorHandler.php, line 138
App\Model\Entity\HedgePosition::update() - APP/Model\Entity\HedgePosition.php, line 54
App\Shell\HedgesShell::main() - APP/Shell\HedgesShell.php, line 25
Cake\Console\Shell::runCommand() - CORE\src\Console\Shell.php, line 391
Cake\Console\ShellDispatcher::_dispatch() - CORE\src\Console\ShellDispatcher.php, line 204
Cake\Console\ShellDispatcher::dispatch() - CORE\src\Console\ShellDispatcher.php, line 175
Cake\Console\ShellDispatcher::run() - CORE\src\Console\ShellDispatcher.php, line 126
[main] - ROOT\bin\cake.php, line 33



2015-05-21 20:26:36 Notice: Notice (8): Trying to get property of non-object in [C:\wamp\www\backtothefutures.com\public_html\src\Model\Entity\HedgePosition.php, line 54]
Trace:
Cake\Error\BaseErrorHandler::handleError() - CORE\src\Error\BaseErrorHandler.php, line 138
App\Model\Entity\HedgePosition::update() - APP/Model\Entity\HedgePosition.php, line 54
App\Shell\HedgesShell::main() - APP/Shell\HedgesShell.php, line 25
Cake\Console\Shell::runCommand() - CORE\src\Console\Shell.php, line 391
Cake\Console\ShellDispatcher::_dispatch() - CORE\src\Console\ShellDispatcher.php, line 204
Cake\Console\ShellDispatcher::dispatch() - CORE\src\Console\ShellDispatcher.php, line 175
Cake\Console\ShellDispatcher::run() - CORE\src\Console\ShellDispatcher.php, line 126
[main] - ROOT\bin\cake.php, line 33



2015-05-21 20:26:36 Notice: Notice (8): Trying to get property of non-object in [C:\wamp\www\backtothefutures.com\public_html\src\Model\Entity\HedgePosition.php, line 54]
Trace:
Cake\Error\BaseErrorHandler::handleError() - CORE\src\Error\BaseErrorHandler.php, line 138
App\Model\Entity\HedgePosition::update() - APP/Model\Entity\HedgePosition.php, line 54
App\Shell\HedgesShell::main() - APP/Shell\HedgesShell.php, line 25
Cake\Console\Shell::runCommand() - CORE\src\Console\Shell.php, line 391
Cake\Console\ShellDispatcher::_dispatch() - CORE\src\Console\ShellDispatcher.php, line 204
Cake\Console\ShellDispatcher::dispatch() - CORE\src\Console\ShellDispatcher.php, line 175
Cake\Console\ShellDispatcher::run() - CORE\src\Console\ShellDispatcher.php, line 126
[main] - ROOT\bin\cake.php, line 33



2015-05-21 20:27:38 Notice: Notice (8): Trying to get property of non-object in [C:\wamp\www\backtothefutures.com\public_html\src\Model\Entity\HedgePosition.php, line 54]
Trace:
Cake\Error\BaseErrorHandler::handleError() - CORE\src\Error\BaseErrorHandler.php, line 138
App\Model\Entity\HedgePosition::update() - APP/Model\Entity\HedgePosition.php, line 54
App\Shell\HedgesShell::main() - APP/Shell\HedgesShell.php, line 25
Cake\Console\Shell::runCommand() - CORE\src\Console\Shell.php, line 391
Cake\Console\ShellDispatcher::_dispatch() - CORE\src\Console\ShellDispatcher.php, line 204
Cake\Console\ShellDispatcher::dispatch() - CORE\src\Console\ShellDispatcher.php, line 175
Cake\Console\ShellDispatcher::run() - CORE\src\Console\ShellDispatcher.php, line 126
[main] - ROOT\bin\cake.php, line 33



2015-05-21 20:27:38 Notice: Notice (8): Trying to get property of non-object in [C:\wamp\www\backtothefutures.com\public_html\src\Model\Entity\HedgePosition.php, line 54]
Trace:
Cake\Error\BaseErrorHandler::handleError() - CORE\src\Error\BaseErrorHandler.php, line 138
App\Model\Entity\HedgePosition::update() - APP/Model\Entity\HedgePosition.php, line 54
App\Shell\HedgesShell::main() - APP/Shell\HedgesShell.php, line 25
Cake\Console\Shell::runCommand() - CORE\src\Console\Shell.php, line 391
Cake\Console\ShellDispatcher::_dispatch() - CORE\src\Console\ShellDispatcher.php, line 204
Cake\Console\ShellDispatcher::dispatch() - CORE\src\Console\ShellDispatcher.php, line 175
Cake\Console\ShellDispatcher::run() - CORE\src\Console\ShellDispatcher.php, line 126
[main] - ROOT\bin\cake.php, line 33



2015-05-21 20:33:26 Notice: Notice (8): Trying to get property of non-object in [C:\wamp\www\backtothefutures.com\public_html\src\Model\Entity\HedgePosition.php, line 57]
Trace:
Cake\Error\BaseErrorHandler::handleError() - CORE\src\Error\BaseErrorHandler.php, line 138
App\Model\Entity\HedgePosition::update() - APP/Model\Entity\HedgePosition.php, line 57
App\Shell\HedgesShell::main() - APP/Shell\HedgesShell.php, line 25
Cake\Console\Shell::runCommand() - CORE\src\Console\Shell.php, line 391
Cake\Console\ShellDispatcher::_dispatch() - CORE\src\Console\ShellDispatcher.php, line 204
Cake\Console\ShellDispatcher::dispatch() - CORE\src\Console\ShellDispatcher.php, line 175
Cake\Console\ShellDispatcher::run() - CORE\src\Console\ShellDispatcher.php, line 126
[main] - ROOT\bin\cake.php, line 33



2015-05-21 20:35:30 Notice: Notice (8): Trying to get property of non-object in [C:\wamp\www\backtothefutures.com\public_html\src\Model\Entity\HedgePosition.php, line 57]
Trace:
Cake\Error\BaseErrorHandler::handleError() - CORE\src\Error\BaseErrorHandler.php, line 138
App\Model\Entity\HedgePosition::update() - APP/Model\Entity\HedgePosition.php, line 57
App\Shell\HedgesShell::main() - APP/Shell\HedgesShell.php, line 25
Cake\Console\Shell::runCommand() - CORE\src\Console\Shell.php, line 391
Cake\Console\ShellDispatcher::_dispatch() - CORE\src\Console\ShellDispatcher.php, line 204
Cake\Console\ShellDispatcher::dispatch() - CORE\src\Console\ShellDispatcher.php, line 175
Cake\Console\ShellDispatcher::run() - CORE\src\Console\ShellDispatcher.php, line 126
[main] - ROOT\bin\cake.php, line 33



2015-05-21 20:36:55 Notice: Notice (8): Trying to get property of non-object in [C:\wamp\www\backtothefutures.com\public_html\src\Model\Entity\HedgePosition.php, line 57]
Trace:
Cake\Error\BaseErrorHandler::handleError() - CORE\src\Error\BaseErrorHandler.php, line 138
App\Model\Entity\HedgePosition::update() - APP/Model\Entity\HedgePosition.php, line 57
App\Shell\HedgesShell::main() - APP/Shell\HedgesShell.php, line 25
Cake\Console\Shell::runCommand() - CORE\src\Console\Shell.php, line 391
Cake\Console\ShellDispatcher::_dispatch() - CORE\src\Console\ShellDispatcher.php, line 204
Cake\Console\ShellDispatcher::dispatch() - CORE\src\Console\ShellDispatcher.php, line 175
Cake\Console\ShellDispatcher::run() - CORE\src\Console\ShellDispatcher.php, line 126
[main] - ROOT\bin\cake.php, line 33



2015-05-21 20:36:55 Notice: Notice (8): Trying to get property of non-object in [C:\wamp\www\backtothefutures.com\public_html\src\Model\Entity\HedgePosition.php, line 57]
Trace:
Cake\Error\BaseErrorHandler::handleError() - CORE\src\Error\BaseErrorHandler.php, line 138
App\Model\Entity\HedgePosition::update() - APP/Model\Entity\HedgePosition.php, line 57
App\Shell\HedgesShell::main() - APP/Shell\HedgesShell.php, line 25
Cake\Console\Shell::runCommand() - CORE\src\Console\Shell.php, line 391
Cake\Console\ShellDispatcher::_dispatch() - CORE\src\Console\ShellDispatcher.php, line 204
Cake\Console\ShellDispatcher::dispatch() - CORE\src\Console\ShellDispatcher.php, line 175
Cake\Console\ShellDispatcher::run() - CORE\src\Console\ShellDispatcher.php, line 126
[main] - ROOT\bin\cake.php, line 33



2015-05-21 21:47:12 Notice: Notice (8): Trying to get property of non-object in [C:\wamp\www\backtothefutures.com\public_html\src\Model\Entity\HedgePosition.php, line 112]
Trace:
Cake\Error\BaseErrorHandler::handleError() - CORE\src\Error\BaseErrorHandler.php, line 138
App\Model\Entity\HedgePosition::update() - APP/Model\Entity\HedgePosition.php, line 112
App\Shell\HedgesShell::main() - APP/Shell\HedgesShell.php, line 26
Cake\Console\Shell::runCommand() - CORE\src\Console\Shell.php, line 391
Cake\Console\ShellDispatcher::_dispatch() - CORE\src\Console\ShellDispatcher.php, line 204
Cake\Console\ShellDispatcher::dispatch() - CORE\src\Console\ShellDispatcher.php, line 175
Cake\Console\ShellDispatcher::run() - CORE\src\Console\ShellDispatcher.php, line 126
[main] - ROOT\bin\cake.php, line 33



2015-05-21 21:47:12 Notice: Notice (8): Trying to get property of non-object in [C:\wamp\www\backtothefutures.com\public_html\src\Model\Entity\HedgePosition.php, line 112]
Trace:
Cake\Error\BaseErrorHandler::handleError() - CORE\src\Error\BaseErrorHandler.php, line 138
App\Model\Entity\HedgePosition::update() - APP/Model\Entity\HedgePosition.php, line 112
App\Shell\HedgesShell::main() - APP/Shell\HedgesShell.php, line 26
Cake\Console\Shell::runCommand() - CORE\src\Console\Shell.php, line 391
Cake\Console\ShellDispatcher::_dispatch() - CORE\src\Console\ShellDispatcher.php, line 204
Cake\Console\ShellDispatcher::dispatch() - CORE\src\Console\ShellDispatcher.php, line 175
Cake\Console\ShellDispatcher::run() - CORE\src\Console\ShellDispatcher.php, line 126
[main] - ROOT\bin\cake.php, line 33



